Internal Server Error: /services/hotela/
"GET /services/hotela/ HTTP/1.1" 500 145
Internal Server Error: /favicon.ico
"GET /favicon.ico HTTP/1.1" 500 145
Internal Server Error: /services/hotela/
"GET /services/hotela/ HTTP/1.1" 500 3273
Internal Server Error: /services/hotels/f
"GET /services/hotels/f HTTP/1.1" 500 3273
Internal Server Error: /clients/create-user/
Traceback (most recent call last):
  File "C:\Users\iveli\Downloads\Python\05.Python WEB\Django Basics\WEB Basics Project Exercises\voya\.venv\Lib\site-packages\django\core\handlers\exception.py", line 55, in inner
    response = get_response(request)
               ^^^^^^^^^^^^^^^^^^^^^
  File "C:\Users\iveli\Downloads\Python\05.Python WEB\Django Basics\WEB Basics Project Exercises\voya\.venv\Lib\site-packages\django\core\handlers\base.py", line 220, in _get_response
    response = response.render()
               ^^^^^^^^^^^^^^^^^
  File "C:\Users\iveli\Downloads\Python\05.Python WEB\Django Basics\WEB Basics Project Exercises\voya\.venv\Lib\site-packages\django\template\response.py", line 114, in render
    self.content = self.rendered_content
                   ^^^^^^^^^^^^^^^^^^^^^
  File "C:\Users\iveli\Downloads\Python\05.Python WEB\Django Basics\WEB Basics Project Exercises\voya\.venv\Lib\site-packages\django\template\response.py", line 92, in rendered_content
    return template.render(context, self._request)
           ^^^^^^^^^^^^^^^^^^^^^^^^^^^^^^^^^^^^^^^
  File "C:\Users\iveli\Downloads\Python\05.Python WEB\Django Basics\WEB Basics Project Exercises\voya\.venv\Lib\site-packages\django\template\backends\django.py", line 107, in render
    return self.template.render(context)
           ^^^^^^^^^^^^^^^^^^^^^^^^^^^^^
  File "C:\Users\iveli\Downloads\Python\05.Python WEB\Django Basics\WEB Basics Project Exercises\voya\.venv\Lib\site-packages\django\template\base.py", line 171, in render
    return self._render(context)
           ^^^^^^^^^^^^^^^^^^^^^
  File "C:\Users\iveli\Downloads\Python\05.Python WEB\Django Basics\WEB Basics Project Exercises\voya\.venv\Lib\site-packages\django\template\base.py", line 163, in _render
    return self.nodelist.render(context)
           ^^^^^^^^^^^^^^^^^^^^^^^^^^^^^
  File "C:\Users\iveli\Downloads\Python\05.Python WEB\Django Basics\WEB Basics Project Exercises\voya\.venv\Lib\site-packages\django\template\base.py", line 1008, in render
    return SafeString("".join([node.render_annotated(context) for node in self]))
                               ^^^^^^^^^^^^^^^^^^^^^^^^^^^^^^
  File "C:\Users\iveli\Downloads\Python\05.Python WEB\Django Basics\WEB Basics Project Exercises\voya\.venv\Lib\site-packages\django\template\base.py", line 969, in render_annotated
    return self.render(context)
           ^^^^^^^^^^^^^^^^^^^^
  File "C:\Users\iveli\Downloads\Python\05.Python WEB\Django Basics\WEB Basics Project Exercises\voya\.venv\Lib\site-packages\django\template\loader_tags.py", line 159, in render
    return compiled_parent._render(context)
           ^^^^^^^^^^^^^^^^^^^^^^^^^^^^^^^^
  File "C:\Users\iveli\Downloads\Python\05.Python WEB\Django Basics\WEB Basics Project Exercises\voya\.venv\Lib\site-packages\django\template\base.py", line 163, in _render
    return self.nodelist.render(context)
           ^^^^^^^^^^^^^^^^^^^^^^^^^^^^^
  File "C:\Users\iveli\Downloads\Python\05.Python WEB\Django Basics\WEB Basics Project Exercises\voya\.venv\Lib\site-packages\django\template\base.py", line 1008, in render
    return SafeString("".join([node.render_annotated(context) for node in self]))
                               ^^^^^^^^^^^^^^^^^^^^^^^^^^^^^^
  File "C:\Users\iveli\Downloads\Python\05.Python WEB\Django Basics\WEB Basics Project Exercises\voya\.venv\Lib\site-packages\django\template\base.py", line 969, in render_annotated
    return self.render(context)
           ^^^^^^^^^^^^^^^^^^^^
  File "C:\Users\iveli\Downloads\Python\05.Python WEB\Django Basics\WEB Basics Project Exercises\voya\.venv\Lib\site-packages\django\template\defaulttags.py", line 327, in render
    return nodelist.render(context)
           ^^^^^^^^^^^^^^^^^^^^^^^^
  File "C:\Users\iveli\Downloads\Python\05.Python WEB\Django Basics\WEB Basics Project Exercises\voya\.venv\Lib\site-packages\django\template\base.py", line 1008, in render
    return SafeString("".join([node.render_annotated(context) for node in self]))
                               ^^^^^^^^^^^^^^^^^^^^^^^^^^^^^^
  File "C:\Users\iveli\Downloads\Python\05.Python WEB\Django Basics\WEB Basics Project Exercises\voya\.venv\Lib\site-packages\django\template\base.py", line 969, in render_annotated
    return self.render(context)
           ^^^^^^^^^^^^^^^^^^^^
  File "C:\Users\iveli\Downloads\Python\05.Python WEB\Django Basics\WEB Basics Project Exercises\voya\.venv\Lib\site-packages\django\template\defaulttags.py", line 480, in render
    url = reverse(view_name, args=args, kwargs=kwargs, current_app=current_app)
          ^^^^^^^^^^^^^^^^^^^^^^^^^^^^^^^^^^^^^^^^^^^^^^^^^^^^^^^^^^^^^^^^^^^^^
  File "C:\Users\iveli\Downloads\Python\05.Python WEB\Django Basics\WEB Basics Project Exercises\voya\.venv\Lib\site-packages\django\urls\base.py", line 88, in reverse
    return resolver._reverse_with_prefix(view, prefix, *args, **kwargs)
           ^^^^^^^^^^^^^^^^^^^^^^^^^^^^^^^^^^^^^^^^^^^^^^^^^^^^^^^^^^^^
  File "C:\Users\iveli\Downloads\Python\05.Python WEB\Django Basics\WEB Basics Project Exercises\voya\.venv\Lib\site-packages\django\urls\resolvers.py", line 831, in _reverse_with_prefix
    raise NoReverseMatch(msg)
django.urls.exceptions.NoReverseMatch: Reverse for 'employee-dashboard' with keyword arguments '{'pk': ''}' not found. 1 pattern(s) tried: ['employees/(?P<pk>[0-9]+)/\\Z']
"GET /clients/create-user/ HTTP/1.1" 500 3273
Internal Server Error: /clients/create-user/
Traceback (most recent call last):
  File "C:\Users\iveli\Downloads\Python\05.Python WEB\Django Basics\WEB Basics Project Exercises\voya\.venv\Lib\site-packages\django\core\handlers\exception.py", line 55, in inner
    response = get_response(request)
               ^^^^^^^^^^^^^^^^^^^^^
  File "C:\Users\iveli\Downloads\Python\05.Python WEB\Django Basics\WEB Basics Project Exercises\voya\.venv\Lib\site-packages\django\core\handlers\base.py", line 220, in _get_response
    response = response.render()
               ^^^^^^^^^^^^^^^^^
  File "C:\Users\iveli\Downloads\Python\05.Python WEB\Django Basics\WEB Basics Project Exercises\voya\.venv\Lib\site-packages\django\template\response.py", line 114, in render
    self.content = self.rendered_content
                   ^^^^^^^^^^^^^^^^^^^^^
  File "C:\Users\iveli\Downloads\Python\05.Python WEB\Django Basics\WEB Basics Project Exercises\voya\.venv\Lib\site-packages\django\template\response.py", line 92, in rendered_content
    return template.render(context, self._request)
           ^^^^^^^^^^^^^^^^^^^^^^^^^^^^^^^^^^^^^^^
  File "C:\Users\iveli\Downloads\Python\05.Python WEB\Django Basics\WEB Basics Project Exercises\voya\.venv\Lib\site-packages\django\template\backends\django.py", line 107, in render
    return self.template.render(context)
           ^^^^^^^^^^^^^^^^^^^^^^^^^^^^^
  File "C:\Users\iveli\Downloads\Python\05.Python WEB\Django Basics\WEB Basics Project Exercises\voya\.venv\Lib\site-packages\django\template\base.py", line 171, in render
    return self._render(context)
           ^^^^^^^^^^^^^^^^^^^^^
  File "C:\Users\iveli\Downloads\Python\05.Python WEB\Django Basics\WEB Basics Project Exercises\voya\.venv\Lib\site-packages\django\template\base.py", line 163, in _render
    return self.nodelist.render(context)
           ^^^^^^^^^^^^^^^^^^^^^^^^^^^^^
  File "C:\Users\iveli\Downloads\Python\05.Python WEB\Django Basics\WEB Basics Project Exercises\voya\.venv\Lib\site-packages\django\template\base.py", line 1008, in render
    return SafeString("".join([node.render_annotated(context) for node in self]))
                               ^^^^^^^^^^^^^^^^^^^^^^^^^^^^^^
  File "C:\Users\iveli\Downloads\Python\05.Python WEB\Django Basics\WEB Basics Project Exercises\voya\.venv\Lib\site-packages\django\template\base.py", line 969, in render_annotated
    return self.render(context)
           ^^^^^^^^^^^^^^^^^^^^
  File "C:\Users\iveli\Downloads\Python\05.Python WEB\Django Basics\WEB Basics Project Exercises\voya\.venv\Lib\site-packages\django\template\loader_tags.py", line 159, in render
    return compiled_parent._render(context)
           ^^^^^^^^^^^^^^^^^^^^^^^^^^^^^^^^
  File "C:\Users\iveli\Downloads\Python\05.Python WEB\Django Basics\WEB Basics Project Exercises\voya\.venv\Lib\site-packages\django\template\base.py", line 163, in _render
    return self.nodelist.render(context)
           ^^^^^^^^^^^^^^^^^^^^^^^^^^^^^
  File "C:\Users\iveli\Downloads\Python\05.Python WEB\Django Basics\WEB Basics Project Exercises\voya\.venv\Lib\site-packages\django\template\base.py", line 1008, in render
    return SafeString("".join([node.render_annotated(context) for node in self]))
                               ^^^^^^^^^^^^^^^^^^^^^^^^^^^^^^
  File "C:\Users\iveli\Downloads\Python\05.Python WEB\Django Basics\WEB Basics Project Exercises\voya\.venv\Lib\site-packages\django\template\base.py", line 969, in render_annotated
    return self.render(context)
           ^^^^^^^^^^^^^^^^^^^^
  File "C:\Users\iveli\Downloads\Python\05.Python WEB\Django Basics\WEB Basics Project Exercises\voya\.venv\Lib\site-packages\django\template\defaulttags.py", line 327, in render
    return nodelist.render(context)
           ^^^^^^^^^^^^^^^^^^^^^^^^
  File "C:\Users\iveli\Downloads\Python\05.Python WEB\Django Basics\WEB Basics Project Exercises\voya\.venv\Lib\site-packages\django\template\base.py", line 1008, in render
    return SafeString("".join([node.render_annotated(context) for node in self]))
                               ^^^^^^^^^^^^^^^^^^^^^^^^^^^^^^
  File "C:\Users\iveli\Downloads\Python\05.Python WEB\Django Basics\WEB Basics Project Exercises\voya\.venv\Lib\site-packages\django\template\base.py", line 969, in render_annotated
    return self.render(context)
           ^^^^^^^^^^^^^^^^^^^^
  File "C:\Users\iveli\Downloads\Python\05.Python WEB\Django Basics\WEB Basics Project Exercises\voya\.venv\Lib\site-packages\django\template\defaulttags.py", line 480, in render
    url = reverse(view_name, args=args, kwargs=kwargs, current_app=current_app)
          ^^^^^^^^^^^^^^^^^^^^^^^^^^^^^^^^^^^^^^^^^^^^^^^^^^^^^^^^^^^^^^^^^^^^^
  File "C:\Users\iveli\Downloads\Python\05.Python WEB\Django Basics\WEB Basics Project Exercises\voya\.venv\Lib\site-packages\django\urls\base.py", line 88, in reverse
    return resolver._reverse_with_prefix(view, prefix, *args, **kwargs)
           ^^^^^^^^^^^^^^^^^^^^^^^^^^^^^^^^^^^^^^^^^^^^^^^^^^^^^^^^^^^^
  File "C:\Users\iveli\Downloads\Python\05.Python WEB\Django Basics\WEB Basics Project Exercises\voya\.venv\Lib\site-packages\django\urls\resolvers.py", line 831, in _reverse_with_prefix
    raise NoReverseMatch(msg)
django.urls.exceptions.NoReverseMatch: Reverse for 'employee-dashboard' with keyword arguments '{'pk': ''}' not found. 1 pattern(s) tried: ['employees/(?P<pk>[0-9]+)/\\Z']
"GET /clients/create-user/ HTTP/1.1" 500 3273
Internal Server Error: /clients/create-user/
Traceback (most recent call last):
  File "C:\Users\iveli\Downloads\Python\05.Python WEB\Django Basics\WEB Basics Project Exercises\voya\.venv\Lib\site-packages\django\core\handlers\exception.py", line 55, in inner
    response = get_response(request)
               ^^^^^^^^^^^^^^^^^^^^^
  File "C:\Users\iveli\Downloads\Python\05.Python WEB\Django Basics\WEB Basics Project Exercises\voya\.venv\Lib\site-packages\django\core\handlers\base.py", line 220, in _get_response
    response = response.render()
               ^^^^^^^^^^^^^^^^^
  File "C:\Users\iveli\Downloads\Python\05.Python WEB\Django Basics\WEB Basics Project Exercises\voya\.venv\Lib\site-packages\django\template\response.py", line 114, in render
    self.content = self.rendered_content
                   ^^^^^^^^^^^^^^^^^^^^^
  File "C:\Users\iveli\Downloads\Python\05.Python WEB\Django Basics\WEB Basics Project Exercises\voya\.venv\Lib\site-packages\django\template\response.py", line 92, in rendered_content
    return template.render(context, self._request)
           ^^^^^^^^^^^^^^^^^^^^^^^^^^^^^^^^^^^^^^^
  File "C:\Users\iveli\Downloads\Python\05.Python WEB\Django Basics\WEB Basics Project Exercises\voya\.venv\Lib\site-packages\django\template\backends\django.py", line 107, in render
    return self.template.render(context)
           ^^^^^^^^^^^^^^^^^^^^^^^^^^^^^
  File "C:\Users\iveli\Downloads\Python\05.Python WEB\Django Basics\WEB Basics Project Exercises\voya\.venv\Lib\site-packages\django\template\base.py", line 171, in render
    return self._render(context)
           ^^^^^^^^^^^^^^^^^^^^^
  File "C:\Users\iveli\Downloads\Python\05.Python WEB\Django Basics\WEB Basics Project Exercises\voya\.venv\Lib\site-packages\django\template\base.py", line 163, in _render
    return self.nodelist.render(context)
           ^^^^^^^^^^^^^^^^^^^^^^^^^^^^^
  File "C:\Users\iveli\Downloads\Python\05.Python WEB\Django Basics\WEB Basics Project Exercises\voya\.venv\Lib\site-packages\django\template\base.py", line 1008, in render
    return SafeString("".join([node.render_annotated(context) for node in self]))
                               ^^^^^^^^^^^^^^^^^^^^^^^^^^^^^^
  File "C:\Users\iveli\Downloads\Python\05.Python WEB\Django Basics\WEB Basics Project Exercises\voya\.venv\Lib\site-packages\django\template\base.py", line 969, in render_annotated
    return self.render(context)
           ^^^^^^^^^^^^^^^^^^^^
  File "C:\Users\iveli\Downloads\Python\05.Python WEB\Django Basics\WEB Basics Project Exercises\voya\.venv\Lib\site-packages\django\template\loader_tags.py", line 159, in render
    return compiled_parent._render(context)
           ^^^^^^^^^^^^^^^^^^^^^^^^^^^^^^^^
  File "C:\Users\iveli\Downloads\Python\05.Python WEB\Django Basics\WEB Basics Project Exercises\voya\.venv\Lib\site-packages\django\template\base.py", line 163, in _render
    return self.nodelist.render(context)
           ^^^^^^^^^^^^^^^^^^^^^^^^^^^^^
  File "C:\Users\iveli\Downloads\Python\05.Python WEB\Django Basics\WEB Basics Project Exercises\voya\.venv\Lib\site-packages\django\template\base.py", line 1008, in render
    return SafeString("".join([node.render_annotated(context) for node in self]))
                               ^^^^^^^^^^^^^^^^^^^^^^^^^^^^^^
  File "C:\Users\iveli\Downloads\Python\05.Python WEB\Django Basics\WEB Basics Project Exercises\voya\.venv\Lib\site-packages\django\template\base.py", line 969, in render_annotated
    return self.render(context)
           ^^^^^^^^^^^^^^^^^^^^
  File "C:\Users\iveli\Downloads\Python\05.Python WEB\Django Basics\WEB Basics Project Exercises\voya\.venv\Lib\site-packages\django\template\defaulttags.py", line 327, in render
    return nodelist.render(context)
           ^^^^^^^^^^^^^^^^^^^^^^^^
  File "C:\Users\iveli\Downloads\Python\05.Python WEB\Django Basics\WEB Basics Project Exercises\voya\.venv\Lib\site-packages\django\template\base.py", line 1008, in render
    return SafeString("".join([node.render_annotated(context) for node in self]))
                               ^^^^^^^^^^^^^^^^^^^^^^^^^^^^^^
  File "C:\Users\iveli\Downloads\Python\05.Python WEB\Django Basics\WEB Basics Project Exercises\voya\.venv\Lib\site-packages\django\template\base.py", line 969, in render_annotated
    return self.render(context)
           ^^^^^^^^^^^^^^^^^^^^
  File "C:\Users\iveli\Downloads\Python\05.Python WEB\Django Basics\WEB Basics Project Exercises\voya\.venv\Lib\site-packages\django\template\defaulttags.py", line 480, in render
    url = reverse(view_name, args=args, kwargs=kwargs, current_app=current_app)
          ^^^^^^^^^^^^^^^^^^^^^^^^^^^^^^^^^^^^^^^^^^^^^^^^^^^^^^^^^^^^^^^^^^^^^
  File "C:\Users\iveli\Downloads\Python\05.Python WEB\Django Basics\WEB Basics Project Exercises\voya\.venv\Lib\site-packages\django\urls\base.py", line 88, in reverse
    return resolver._reverse_with_prefix(view, prefix, *args, **kwargs)
           ^^^^^^^^^^^^^^^^^^^^^^^^^^^^^^^^^^^^^^^^^^^^^^^^^^^^^^^^^^^^
  File "C:\Users\iveli\Downloads\Python\05.Python WEB\Django Basics\WEB Basics Project Exercises\voya\.venv\Lib\site-packages\django\urls\resolvers.py", line 831, in _reverse_with_prefix
    raise NoReverseMatch(msg)
django.urls.exceptions.NoReverseMatch: Reverse for 'employee-dashboard' with keyword arguments '{'pk': ''}' not found. 1 pattern(s) tried: ['employees/(?P<pk>[0-9]+)/\\Z']
"GET /clients/create-user/ HTTP/1.1" 500 3273
Internal Server Error: /services/hotels/5
"GET /services/hotels/5 HTTP/1.1" 500 3273
Internal Server Error: /media/company_logos/Designer_5_f4VetRf.png
"GET /media/company_logos/Designer_5_f4VetRf.png HTTP/1.1" 500 3273
Internal Server Error: /media/company_logos/cropped-logo-hitusc2-1.jpg
"GET /media/company_logos/cropped-logo-hitusc2-1.jpg HTTP/1.1" 500 3273
Internal Server Error: /media/company_logos/Designer_5.png
"GET /media/company_logos/Designer_5.png HTTP/1.1" 500 3273
Internal Server Error: /media/company_logos/Designer_5_f4VetRf.png
"GET /media/company_logos/Designer_5_f4VetRf.png HTTP/1.1" 500 3273
Internal Server Error: /media/company_logos/Designer_5.png
"GET /media/company_logos/Designer_5.png HTTP/1.1" 500 3273
Internal Server Error: /media/company_logos/cropped-logo-hitusc2-1.jpg
"GET /media/company_logos/cropped-logo-hitusc2-1.jpg HTTP/1.1" 500 3273
